[16:07:03] alt:V Server 12.11 (release)
[16:07:03] Starting alt:V Server on 127.0.0.1:7788
[16:07:03] Loading resource chat
[16:07:03] Loaded resource chat
[16:07:03] Loading resource freeroam
[16:07:03] Loaded resource freeroam
[16:07:03] Loading resource gtr
[16:07:03] Loaded resource gtr
[16:07:03] Loading resource ALT-V-Speedometr-Master
[16:07:03] Loaded resource ALT-V-Speedometr-Master
[16:07:03] Required server permissions:
[16:07:03] Optional server permissions:
[16:07:03] Starting HTTP server on 127.0.0.1:7788
[16:07:03] Main thread started (ThreadId: 16796)
[16:07:03] Colshape thread started (ThreadId: 24484)
[16:07:03] Sync thread started (ThreadId: 24376)
[16:07:03] Console thread started (ThreadId: 10884)
[16:07:03] Network thread started (ThreadId: 27820)
[16:07:03] EntityStreamer thread started (ThreadId: 7920)
[16:07:03][Warning] Server started in debug mode
[16:07:57] [chat:cmd] Vladislav White: /veh gtr
[16:17:27] Stopping resource ALT-V-Speedometr-Master
[16:17:27] Stopped resource ALT-V-Speedometr-Master
[16:17:27] Stopping resource chat
[16:17:27] Stopping resource freeroam
[16:17:27] Stopped resource freeroam
[16:17:27] Stopped resource chat
[16:17:27] Stopping resource gtr
[16:17:27] Stopped resource gtr
[16:17:28] Server shutdown
